{"D:\\React Project\\movie-explorer\\src\\components\\MovieCard.tsx": {"path":"D:\\React Project\\movie-explorer\\src\\components\\MovieCard.tsx","statementMap":{"0":{"start":{"line":13,"column":6},"end":{"line":57,"column":null}},"1":{"start":{"line":14,"column":25},"end":{"line":14,"column":64}},"2":{"start":{"line":15,"column":10},"end":{"line":15,"column":40}},"3":{"start":{"line":16,"column":22},"end":{"line":16,"column":45}},"4":{"start":{"line":18,"column":8},"end":{"line":21,"column":null}},"5":{"start":{"line":19,"column":4},"end":{"line":19,"column":null}},"6":{"start":{"line":20,"column":4},"end":{"line":20,"column":null}},"7":{"start":{"line":21,"column":4},"end":{"line":21,"column":null}},"8":{"start":{"line":24,"column":2},"end":{"line":57,"column":null}}},"fnMap":{"0":{"name":"(anonymous_0)","decl":{"start":{"line":13,"column":6},"end":{"line":13,"column":40}},"loc":{"start":{"line":13,"column":54},"end":{"line":57,"column":null}},"line":13},"1":{"name":"(anonymous_1)","decl":{"start":{"line":18,"column":8},"end":{"line":18,"column":27}},"loc":{"start":{"line":18,"column":51},"end":{"line":21,"column":null}},"line":18}},"branchMap":{"0":{"loc":{"start":{"line":32,"column":9},"end":{"line":32,"column":null}},"type":"cond-expr","locations":[{"start":{"line":32,"column":23},"end":{"line":32,"column":30}},{"start":{"line":32,"column":30},"end":{"line":32,"column":null}}],"line":32},"1":{"loc":{"start":{"line":35,"column":17},"end":{"line":35,"column":null}},"type":"cond-expr","locations":[{"start":{"line":35,"column":23},"end":{"line":35,"column":67}},{"start":{"line":35,"column":70},"end":{"line":35,"column":null}}],"line":35},"2":{"loc":{"start":{"line":55,"column":42},"end":{"line":55,"column":89}},"type":"cond-expr","locations":[{"start":{"line":55,"column":55},"end":{"line":55,"column":73}},{"start":{"line":55,"column":73},"end":{"line":55,"column":89}}],"line":55},"3":{"loc":{"start":{"line":56,"column":13},"end":{"line":56,"column":null}},"type":"cond-expr","locations":[{"start":{"line":56,"column":34},"end":{"line":56,"column":69}},{"start":{"line":56,"column":69},"end":{"line":56,"column":null}}],"line":56}},"s":{"0":2,"1":3,"2":3,"3":3,"4":3,"5":2,"6":2,"7":2,"8":3},"f":{"0":3,"1":2},"b":{"0":[1,2],"1":[0,3],"2":[3,0],"3":[0,3]},"meta":{"lastBranch":4,"lastFunction":2,"lastStatement":9,"seen":{"s:13:6:57:Infinity":0,"f:13:6:13:40":0,"s:14:25:14:64":1,"s:15:10:15:40":2,"s:16:22:16:45":3,"s:18:8:21:Infinity":4,"f:18:8:18:27":1,"s:19:4:19:Infinity":5,"s:20:4:20:Infinity":6,"s:21:4:21:Infinity":7,"s:24:2:57:Infinity":8,"b:32:23:32:30:32:30:32:Infinity":0,"b:35:23:35:67:35:70:35:Infinity":1,"b:55:55:55:73:55:73:55:89":2,"b:56:34:56:69:56:69:56:Infinity":3}}}
,"D:\\React Project\\movie-explorer\\src\\hooks\\useMovieWatchlist.ts": {"path":"D:\\React Project\\movie-explorer\\src\\hooks\\useMovieWatchlist.ts","statementMap":{"0":{"start":{"line":6,"column":13},"end":{"line":31,"column":null}},"1":{"start":{"line":8,"column":8},"end":{"line":8,"column":45}},"2":{"start":{"line":11,"column":8},"end":{"line":11,"column":76}},"3":{"start":{"line":11,"column":54},"end":{"line":11,"column":76}},"4":{"start":{"line":13,"column":8},"end":{"line":18,"column":null}},"5":{"start":{"line":14,"column":20},"end":{"line":14,"column":60}},"6":{"start":{"line":14,"column":42},"end":{"line":14,"column":60}},"7":{"start":{"line":15,"column":4},"end":{"line":18,"column":null}},"8":{"start":{"line":16,"column":6},"end":{"line":16,"column":null}},"9":{"start":{"line":18,"column":6},"end":{"line":18,"column":null}},"10":{"start":{"line":22,"column":8},"end":{"line":23,"column":null}},"11":{"start":{"line":23,"column":4},"end":{"line":23,"column":null}},"12":{"start":{"line":23,"column":33},"end":{"line":23,"column":50}},"13":{"start":{"line":26,"column":2},"end":{"line":31,"column":null}}},"fnMap":{"0":{"name":"(anonymous_0)","decl":{"start":{"line":6,"column":13},"end":{"line":6,"column":39}},"loc":{"start":{"line":6,"column":39},"end":{"line":31,"column":null}},"line":6},"1":{"name":"(anonymous_1)","decl":{"start":{"line":11,"column":20},"end":{"line":11,"column":33}},"loc":{"start":{"line":11,"column":54},"end":{"line":11,"column":76}},"line":11},"2":{"name":"(anonymous_2)","decl":{"start":{"line":13,"column":8},"end":{"line":13,"column":27}},"loc":{"start":{"line":13,"column":44},"end":{"line":18,"column":null}},"line":13},"3":{"name":"(anonymous_3)","decl":{"start":{"line":14,"column":30},"end":{"line":14,"column":36}},"loc":{"start":{"line":14,"column":42},"end":{"line":14,"column":60}},"line":14},"4":{"name":"(anonymous_4)","decl":{"start":{"line":22,"column":8},"end":{"line":22,"column":25}},"loc":{"start":{"line":22,"column":45},"end":{"line":23,"column":null}},"line":22},"5":{"name":"(anonymous_5)","decl":{"start":{"line":23,"column":21},"end":{"line":23,"column":27}},"loc":{"start":{"line":23,"column":33},"end":{"line":23,"column":50}},"line":23}},"branchMap":{"0":{"loc":{"start":{"line":15,"column":4},"end":{"line":18,"column":null}},"type":"if","locations":[{"start":{"line":15,"column":4},"end":{"line":18,"column":null}},{"start":{"line":17,"column":11},"end":{"line":18,"column":null}}],"line":15}},"s":{"0":2,"1":3,"2":3,"3":6,"4":3,"5":2,"6":1,"7":2,"8":1,"9":1,"10":3,"11":3,"12":1,"13":3},"f":{"0":3,"1":6,"2":2,"3":1,"4":3,"5":1},"b":{"0":[1,1]},"meta":{"lastBranch":1,"lastFunction":6,"lastStatement":14,"seen":{"s:6:13:31:Infinity":0,"f:6:13:6:39":0,"s:8:8:8:45":1,"s:11:8:11:76":2,"f:11:20:11:33":1,"s:11:54:11:76":3,"s:13:8:18:Infinity":4,"f:13:8:13:27":2,"s:14:20:14:60":5,"f:14:30:14:36":3,"s:14:42:14:60":6,"b:15:4:18:Infinity:17:11:18:Infinity":0,"s:15:4:18:Infinity":7,"s:16:6:16:Infinity":8,"s:18:6:18:Infinity":9,"s:22:8:23:Infinity":10,"f:22:8:22:25":4,"s:23:4:23:Infinity":11,"f:23:21:23:27":5,"s:23:33:23:50":12,"s:26:2:31:Infinity":13}}}
,"D:\\React Project\\movie-explorer\\src\\hooks\\useMovies.ts": {"path":"D:\\React Project\\movie-explorer\\src\\hooks\\useMovies.ts","statementMap":{"0":{"start":{"line":4,"column":13},"end":{"line":10,"column":null}},"1":{"start":{"line":5,"column":4},"end":{"line":10,"column":null}},"2":{"start":{"line":8,"column":23},"end":{"line":8,"column":71}}},"fnMap":{"0":{"name":"(anonymous_0)","decl":{"start":{"line":4,"column":13},"end":{"line":4,"column":26}},"loc":{"start":{"line":4,"column":44},"end":{"line":10,"column":null}},"line":4},"1":{"name":"(anonymous_1)","decl":{"start":{"line":8,"column":8},"end":{"line":8,"column":23}},"loc":{"start":{"line":8,"column":23},"end":{"line":8,"column":71}},"line":8}},"branchMap":{"0":{"loc":{"start":{"line":8,"column":23},"end":{"line":8,"column":71}},"type":"cond-expr","locations":[{"start":{"line":8,"column":23},"end":{"line":8,"column":50}},{"start":{"line":8,"column":50},"end":{"line":8,"column":71}}],"line":8}},"s":{"0":1,"1":1,"2":1},"f":{"0":1,"1":1},"b":{"0":[0,1]},"meta":{"lastBranch":1,"lastFunction":2,"lastStatement":3,"seen":{"s:4:13:10:Infinity":0,"f:4:13:4:26":0,"s:5:4:10:Infinity":1,"f:8:8:8:23":1,"s:8:23:8:71":2,"b:8:23:8:50:8:50:8:71":0}}}
,"D:\\React Project\\movie-explorer\\src\\pages\\Home.tsx": {"path":"D:\\React Project\\movie-explorer\\src\\pages\\Home.tsx","statementMap":{"0":{"start":{"line":7,"column":6},"end":{"line":91,"column":null}},"1":{"start":{"line":9,"column":22},"end":{"line":9,"column":53}},"2":{"start":{"line":10,"column":17},"end":{"line":10,"column":46}},"3":{"start":{"line":12,"column":41},"end":{"line":12,"column":69}},"4":{"start":{"line":14,"column":8},"end":{"line":16,"column":null}},"5":{"start":{"line":15,"column":4},"end":{"line":15,"column":null}},"6":{"start":{"line":16,"column":4},"end":{"line":16,"column":null}},"7":{"start":{"line":19,"column":2},"end":{"line":91,"column":null}},"8":{"start":{"line":51,"column":31},"end":{"line":51,"column":null}},"9":{"start":{"line":80,"column":16},"end":{"line":80,"column":null}},"10":{"start":{"line":86,"column":37},"end":{"line":86,"column":46}}},"fnMap":{"0":{"name":"(anonymous_0)","decl":{"start":{"line":7,"column":6},"end":{"line":7,"column":29}},"loc":{"start":{"line":7,"column":29},"end":{"line":91,"column":null}},"line":7},"1":{"name":"(anonymous_1)","decl":{"start":{"line":14,"column":8},"end":{"line":14,"column":30}},"loc":{"start":{"line":14,"column":53},"end":{"line":16,"column":null}},"line":14},"2":{"name":"(anonymous_2)","decl":{"start":{"line":51,"column":14},"end":{"line":51,"column":25}},"loc":{"start":{"line":51,"column":31},"end":{"line":51,"column":null}},"line":51},"3":{"name":"(anonymous_3)","decl":{"start":{"line":79,"column":22},"end":{"line":79,"column":27}},"loc":{"start":{"line":80,"column":16},"end":{"line":80,"column":null}},"line":80},"4":{"name":"(anonymous_4)","decl":{"start":{"line":86,"column":22},"end":{"line":86,"column":37}},"loc":{"start":{"line":86,"column":37},"end":{"line":86,"column":46}},"line":86}},"branchMap":{"0":{"loc":{"start":{"line":20,"column":54},"end":{"line":20,"column":119}},"type":"cond-expr","locations":[{"start":{"line":20,"column":67},"end":{"line":20,"column":94}},{"start":{"line":20,"column":94},"end":{"line":20,"column":119}}],"line":20},"1":{"loc":{"start":{"line":24,"column":10},"end":{"line":26,"column":null}},"type":"cond-expr","locations":[{"start":{"line":25,"column":12},"end":{"line":25,"column":null}},{"start":{"line":26,"column":12},"end":{"line":26,"column":null}}],"line":24},"2":{"loc":{"start":{"line":35,"column":12},"end":{"line":36,"column":null}},"type":"cond-expr","locations":[{"start":{"line":35,"column":25},"end":{"line":35,"column":null}},{"start":{"line":36,"column":14},"end":{"line":36,"column":null}}],"line":35},"3":{"loc":{"start":{"line":38,"column":17},"end":{"line":38,"column":null}},"type":"cond-expr","locations":[{"start":{"line":38,"column":30},"end":{"line":38,"column":55}},{"start":{"line":38,"column":55},"end":{"line":38,"column":null}}],"line":38},"4":{"loc":{"start":{"line":41,"column":15},"end":{"line":41,"column":null}},"type":"cond-expr","locations":[{"start":{"line":41,"column":28},"end":{"line":41,"column":35}},{"start":{"line":41,"column":35},"end":{"line":41,"column":null}}],"line":41},"5":{"loc":{"start":{"line":64,"column":7},"end":{"line":67,"column":null}},"type":"binary-expr","locations":[{"start":{"line":64,"column":7},"end":{"line":64,"column":null}},{"start":{"line":65,"column":8},"end":{"line":67,"column":null}}],"line":64},"6":{"loc":{"start":{"line":70,"column":7},"end":{"line":91,"column":null}},"type":"cond-expr","locations":[{"start":{"line":71,"column":8},"end":{"line":76,"column":9}},{"start":{"line":76,"column":8},"end":{"line":91,"column":null}}],"line":70},"7":{"loc":{"start":{"line":77,"column":11},"end":{"line":91,"column":null}},"type":"cond-expr","locations":[{"start":{"line":78,"column":12},"end":{"line":84,"column":13}},{"start":{"line":84,"column":12},"end":{"line":91,"column":null}}],"line":77},"8":{"loc":{"start":{"line":77,"column":11},"end":{"line":77,"column":null}},"type":"binary-expr","locations":[{"start":{"line":77,"column":11},"end":{"line":77,"column":21}},{"start":{"line":77,"column":21},"end":{"line":77,"column":null}}],"line":77}},"s":{"0":1,"1":1,"2":1,"3":1,"4":1,"5":0,"6":0,"7":1,"8":0,"9":0,"10":0},"f":{"0":1,"1":0,"2":0,"3":0,"4":0},"b":{"0":[1,0],"1":[1,0],"2":[1,0],"3":[1,0],"4":[1,0],"5":[1,0],"6":[1,0],"7":[0,0],"8":[0,0]},"meta":{"lastBranch":9,"lastFunction":5,"lastStatement":11,"seen":{"s:7:6:91:Infinity":0,"f:7:6:7:29":0,"s:9:22:9:53":1,"s:10:17:10:46":2,"s:12:41:12:69":3,"s:14:8:16:Infinity":4,"f:14:8:14:30":1,"s:15:4:15:Infinity":5,"s:16:4:16:Infinity":6,"s:19:2:91:Infinity":7,"b:20:67:20:94:20:94:20:119":0,"b:25:12:25:Infinity:26:12:26:Infinity":1,"b:35:25:35:Infinity:36:14:36:Infinity":2,"b:38:30:38:55:38:55:38:Infinity":3,"b:41:28:41:35:41:35:41:Infinity":4,"f:51:14:51:25":2,"s:51:31:51:Infinity":8,"b:64:7:64:Infinity:65:8:67:Infinity":5,"b:71:8:76:9:76:8:91:Infinity":6,"b:78:12:84:13:84:12:91:Infinity":7,"b:77:11:77:21:77:21:77:Infinity":8,"f:79:22:79:27":3,"s:80:16:80:Infinity":9,"f:86:22:86:37":4,"s:86:37:86:46":10}}}
,"D:\\React Project\\movie-explorer\\src\\services\\api.ts": {"path":"D:\\React Project\\movie-explorer\\src\\services\\api.ts","statementMap":{"0":{"start":{"line":3,"column":16},"end":{"line":3,"column":null}},"1":{"start":{"line":4,"column":17},"end":{"line":4,"column":null}},"2":{"start":{"line":5,"column":23},"end":{"line":5,"column":null}},"3":{"start":{"line":7,"column":32},"end":{"line":11,"column":null}},"4":{"start":{"line":8,"column":21},"end":{"line":8,"column":80}},"5":{"start":{"line":9,"column":4},"end":{"line":9,"column":null}},"6":{"start":{"line":9,"column":22},"end":{"line":9,"column":null}},"7":{"start":{"line":10,"column":17},"end":{"line":10,"column":38}},"8":{"start":{"line":11,"column":4},"end":{"line":11,"column":null}},"9":{"start":{"line":14,"column":28},"end":{"line":20,"column":null}},"10":{"start":{"line":15,"column":21},"end":{"line":16,"column":null}},"11":{"start":{"line":18,"column":4},"end":{"line":18,"column":null}},"12":{"start":{"line":18,"column":22},"end":{"line":18,"column":null}},"13":{"start":{"line":19,"column":17},"end":{"line":19,"column":38}},"14":{"start":{"line":20,"column":4},"end":{"line":20,"column":null}},"15":{"start":{"line":24,"column":31},"end":{"line":27,"column":null}},"16":{"start":{"line":25,"column":19},"end":{"line":25,"column":76}},"17":{"start":{"line":26,"column":2},"end":{"line":26,"column":null}},"18":{"start":{"line":26,"column":20},"end":{"line":26,"column":null}},"19":{"start":{"line":27,"column":2},"end":{"line":27,"column":null}},"20":{"start":{"line":31,"column":13},"end":{"line":31,"column":null}},"21":{"start":{"line":31,"column":45},"end":{"line":31,"column":null}}},"fnMap":{"0":{"name":"(anonymous_0)","decl":{"start":{"line":7,"column":32},"end":{"line":7,"column":60}},"loc":{"start":{"line":7,"column":60},"end":{"line":11,"column":null}},"line":7},"1":{"name":"(anonymous_1)","decl":{"start":{"line":14,"column":28},"end":{"line":14,"column":35}},"loc":{"start":{"line":14,"column":71},"end":{"line":20,"column":null}},"line":14},"2":{"name":"(anonymous_2)","decl":{"start":{"line":24,"column":31},"end":{"line":24,"column":38}},"loc":{"start":{"line":24,"column":67},"end":{"line":27,"column":null}},"line":24},"3":{"name":"(anonymous_3)","decl":{"start":{"line":31,"column":13},"end":{"line":31,"column":28}},"loc":{"start":{"line":31,"column":45},"end":{"line":31,"column":null}},"line":31}},"branchMap":{"0":{"loc":{"start":{"line":9,"column":4},"end":{"line":9,"column":null}},"type":"if","locations":[{"start":{"line":9,"column":4},"end":{"line":9,"column":null}},{"start":{},"end":{}}],"line":9},"1":{"loc":{"start":{"line":18,"column":4},"end":{"line":18,"column":null}},"type":"if","locations":[{"start":{"line":18,"column":4},"end":{"line":18,"column":null}},{"start":{},"end":{}}],"line":18},"2":{"loc":{"start":{"line":26,"column":2},"end":{"line":26,"column":null}},"type":"if","locations":[{"start":{"line":26,"column":2},"end":{"line":26,"column":null}},{"start":{},"end":{}}],"line":26}},"s":{"0":2,"1":2,"2":2,"3":2,"4":1,"5":0,"6":0,"7":0,"8":0,"9":2,"10":0,"11":0,"12":0,"13":0,"14":0,"15":2,"16":0,"17":0,"18":0,"19":0,"20":2,"21":0},"f":{"0":1,"1":0,"2":0,"3":0},"b":{"0":[0,0],"1":[0,0],"2":[0,0]},"meta":{"lastBranch":3,"lastFunction":4,"lastStatement":22,"seen":{"s:3:16:3:Infinity":0,"s:4:17:4:Infinity":1,"s:5:23:5:Infinity":2,"s:7:32:11:Infinity":3,"f:7:32:7:60":0,"s:8:21:8:80":4,"b:9:4:9:Infinity:undefined:undefined:undefined:undefined":0,"s:9:4:9:Infinity":5,"s:9:22:9:Infinity":6,"s:10:17:10:38":7,"s:11:4:11:Infinity":8,"s:14:28:20:Infinity":9,"f:14:28:14:35":1,"s:15:21:16:Infinity":10,"b:18:4:18:Infinity:undefined:undefined:undefined:undefined":1,"s:18:4:18:Infinity":11,"s:18:22:18:Infinity":12,"s:19:17:19:38":13,"s:20:4:20:Infinity":14,"s:24:31:27:Infinity":15,"f:24:31:24:38":2,"s:25:19:25:76":16,"b:26:2:26:Infinity:undefined:undefined:undefined:undefined":2,"s:26:2:26:Infinity":17,"s:26:20:26:Infinity":18,"s:27:2:27:Infinity":19,"s:31:13:31:Infinity":20,"f:31:13:31:28":3,"s:31:45:31:Infinity":21}}}
,"D:\\React Project\\movie-explorer\\src\\store\\watchlistSlice.ts": {"path":"D:\\React Project\\movie-explorer\\src\\store\\watchlistSlice.ts","statementMap":{"0":{"start":{"line":8,"column":37},"end":{"line":10,"column":null}},"1":{"start":{"line":13,"column":6},"end":{"line":29,"column":2}},"2":{"start":{"line":18,"column":27},"end":{"line":18,"column":76}},"3":{"start":{"line":18,"column":49},"end":{"line":18,"column":76}},"4":{"start":{"line":19,"column":12},"end":{"line":20,"column":null}},"5":{"start":{"line":20,"column":16},"end":{"line":20,"column":null}},"6":{"start":{"line":25,"column":12},"end":{"line":25,"column":null}},"7":{"start":{"line":25,"column":50},"end":{"line":25,"column":74}},"8":{"start":{"line":31,"column":55},"end":{"line":31,"column":null}}},"fnMap":{"0":{"name":"(anonymous_0)","decl":{"start":{"line":17,"column":8},"end":{"line":17,"column":25}},"loc":{"start":{"line":17,"column":65},"end":{"line":20,"column":null}},"line":17},"1":{"name":"(anonymous_1)","decl":{"start":{"line":18,"column":39},"end":{"line":18,"column":44}},"loc":{"start":{"line":18,"column":49},"end":{"line":18,"column":76}},"line":18},"2":{"name":"(anonymous_2)","decl":{"start":{"line":24,"column":8},"end":{"line":24,"column":30}},"loc":{"start":{"line":24,"column":71},"end":{"line":25,"column":null}},"line":24},"3":{"name":"(anonymous_3)","decl":{"start":{"line":25,"column":38},"end":{"line":25,"column":45}},"loc":{"start":{"line":25,"column":50},"end":{"line":25,"column":74}},"line":25}},"branchMap":{"0":{"loc":{"start":{"line":19,"column":12},"end":{"line":20,"column":null}},"type":"if","locations":[{"start":{"line":19,"column":12},"end":{"line":20,"column":null}},{"start":{},"end":{}}],"line":19}},"s":{"0":3,"1":3,"2":3,"3":1,"4":3,"5":2,"6":2,"7":2,"8":3},"f":{"0":3,"1":1,"2":2,"3":2},"b":{"0":[2,1]},"meta":{"lastBranch":1,"lastFunction":4,"lastStatement":9,"seen":{"s:8:37:10:Infinity":0,"s:13:6:29:2":1,"f:17:8:17:25":0,"s:18:27:18:76":2,"f:18:39:18:44":1,"s:18:49:18:76":3,"b:19:12:20:Infinity:undefined:undefined:undefined:undefined":0,"s:19:12:20:Infinity":4,"s:20:16:20:Infinity":5,"f:24:8:24:30":2,"s:25:12:25:Infinity":6,"f:25:38:25:45":3,"s:25:50:25:74":7,"s:31:55:31:Infinity":8}}}
,"D:\\React Project\\movie-explorer\\src\\zustand\\useSearchStore.ts": {"path":"D:\\React Project\\movie-explorer\\src\\zustand\\useSearchStore.ts","statementMap":{"0":{"start":{"line":8,"column":13},"end":{"line":11,"column":3}},"1":{"start":{"line":8,"column":60},"end":{"line":11,"column":3}},"2":{"start":{"line":10,"column":21},"end":{"line":10,"column":null}}},"fnMap":{"0":{"name":"(anonymous_0)","decl":{"start":{"line":8,"column":30},"end":{"line":8,"column":51}},"loc":{"start":{"line":8,"column":60},"end":{"line":11,"column":3}},"line":8},"1":{"name":"(anonymous_1)","decl":{"start":{"line":10,"column":4},"end":{"line":10,"column":15}},"loc":{"start":{"line":10,"column":21},"end":{"line":10,"column":null}},"line":10}},"branchMap":{},"s":{"0":1,"1":1,"2":0},"f":{"0":1,"1":0},"b":{},"meta":{"lastBranch":0,"lastFunction":2,"lastStatement":3,"seen":{"s:8:13:11:3":0,"f:8:30:8:51":0,"s:8:60:11:3":1,"f:10:4:10:15":1,"s:10:21:10:Infinity":2}}}
,"D:\\React Project\\movie-explorer\\src\\zustand\\useThemeStore.ts": {"path":"D:\\React Project\\movie-explorer\\src\\zustand\\useThemeStore.ts","statementMap":{"0":{"start":{"line":9,"column":13},"end":{"line":18,"column":null}},"1":{"start":{"line":11,"column":18},"end":{"line":14,"column":null}},"2":{"start":{"line":13,"column":31},"end":{"line":13,"column":null}},"3":{"start":{"line":13,"column":47},"end":{"line":13,"column":80}}},"fnMap":{"0":{"name":"(anonymous_0)","decl":{"start":{"line":10,"column":4},"end":{"line":10,"column":null}},"loc":{"start":{"line":11,"column":18},"end":{"line":14,"column":null}},"line":11},"1":{"name":"(anonymous_1)","decl":{"start":{"line":13,"column":12},"end":{"line":13,"column":31}},"loc":{"start":{"line":13,"column":31},"end":{"line":13,"column":null}},"line":13},"2":{"name":"(anonymous_2)","decl":{"start":{"line":13,"column":31},"end":{"line":13,"column":36}},"loc":{"start":{"line":13,"column":47},"end":{"line":13,"column":80}},"line":13}},"branchMap":{},"s":{"0":2,"1":2,"2":0,"3":0},"f":{"0":2,"1":0,"2":0},"b":{},"meta":{"lastBranch":0,"lastFunction":3,"lastStatement":4,"seen":{"s:9:13:18:Infinity":0,"f:10:4:10:Infinity":0,"s:11:18:14:Infinity":1,"f:13:12:13:31":1,"s:13:31:13:Infinity":2,"f:13:31:13:36":2,"s:13:47:13:80":3}}}
}
